<?xml version="1.0" encoding="UTF-8"?>
<!-- Generated by org.testng.reporters.JUnitReportReporter -->
<testsuite hostname="Win" name="com.trytech.tasks.automation.tests.Runner" tests="4" failures="0" timestamp="7 Jan 2017 18:44:37 GMT" time="27.704" errors="0">
  <testcase name="peformYoutubeLinksClick" time="7.132" classname="com.trytech.tasks.automation.tests.Runner"/>
  <testcase name="peformWebLinksClick" time="6.802" classname="com.trytech.tasks.automation.tests.Runner"/>
  <testcase name="peformBlogLinksClick" time="6.543" classname="com.trytech.tasks.automation.tests.Runner"/>
  <testcase name="peformSocialMediaClicks" time="7.227" classname="com.trytech.tasks.automation.tests.Runner"/>
</testsuite> <!-- com.trytech.tasks.automation.tests.Runner -->
