<?xml version="1.0" encoding="UTF-8"?>
<!-- Generated by org.testng.reporters.JUnitReportReporter -->
<testsuite hostname="Win" name="com.trytech.tasks.automation.tests.Runner" tests="4" failures="0" timestamp="8 Jan 2017 19:08:49 GMT" time="1105.981" errors="0">
  <testcase name="peformBlogLinksClick" time="193.250" classname="com.trytech.tasks.automation.tests.Runner"/>
  <testcase name="peformWebLinksClick" time="901.975" classname="com.trytech.tasks.automation.tests.Runner"/>
  <testcase name="peformSocialMediaClicks" time="5.428" classname="com.trytech.tasks.automation.tests.Runner"/>
  <testcase name="peformYoutubeLinksClick" time="5.328" classname="com.trytech.tasks.automation.tests.Runner"/>
</testsuite> <!-- com.trytech.tasks.automation.tests.Runner -->
