<?xml version="1.0" encoding="UTF-8"?>
<!-- Generated by org.testng.reporters.JUnitReportReporter -->
<testsuite name="com.trytech.tasks.automation.tests.Runner" tests="4" time="21.711" ignored="2" failures="0" timestamp="08 Jan 2017 16:32:10 GMT" skipped="0" hostname="Win" errors="0">
  <testcase name="peformSocialMediaClicks" time="5.398" classname="com.trytech.tasks.automation.tests.Runner"/>
  <testcase name="peformBlogLinksClick" time="5.398" classname="com.trytech.tasks.automation.tests.Runner"/>
  <testcase name="peformWebLinksClick" time="5.303" classname="com.trytech.tasks.automation.tests.Runner"/>
  <testcase name="peformYoutubeLinksClick" time="5.612" classname="com.trytech.tasks.automation.tests.Runner"/>
  <testcase name="peformSmsLinksClick" classname="com.trytech.tasks.automation.tests.Runner">
    <skipped/>
  </testcase> <!-- peformSmsLinksClick -->
  <testcase name="peformSendMailClicks" classname="com.trytech.tasks.automation.tests.Runner">
    <skipped/>
  </testcase> <!-- peformSendMailClicks -->
</testsuite> <!-- com.trytech.tasks.automation.tests.Runner -->
